<?xml version="1.0" encoding="UTF-8"?>
<testng-results ignored="0" total="1" passed="1" failed="0" skipped="0">
  <reporter-output>
  </reporter-output>
  <suite started-at="2024-08-14T14:37:10 IST" name="Default suite" finished-at="2024-08-14T14:37:10 IST" duration-ms="64">
    <groups>
    </groups>
    <test started-at="2024-08-14T14:37:10 IST" name="Default test" finished-at="2024-08-14T14:37:10 IST" duration-ms="64">
      <class name="script.reverse">
        <test-method signature="rev()[pri:0, instance:script.reverse@2f7c2f4f]" started-at="2024-08-14T14:37:10 IST" name="rev" finished-at="2024-08-14T14:37:10 IST" duration-ms="10" status="PASS">
          <reporter-output>
          </reporter-output>
        </test-method> <!-- rev -->
      </class> <!-- script.reverse -->
    </test> <!-- Default test -->
  </suite> <!-- Default suite -->
</testng-results>
